-------------------------------------------------------------------------------
Test set: Runner.RUNTest
-------------------------------------------------------------------------------
Tests run: 6, Failures: 1, Errors: 0, Skipped: 0, Time elapsed: 43.897 s <<< FAILURE! - in Runner.RUNTest
runScenario(Runner.RUNTest)  Time elapsed: 2.498 s  <<< FAILURE!
java.lang.AssertionError: expected [true] but found [false]

