<?xml version="1.0" encoding="UTF-8"?>
<!-- Generated by org.testng.reporters.JUnitReportReporter -->
<testsuite hostname="abzal" failures="1" tests="6" name="Runner.RUNTest" time="42.788" errors="0" timestamp="2023-07-26T09:47:37 IST" skipped="0">
  <testcase classname="Runner.RUNTest" name="runScenario" time="5.262"/>
  <testcase classname="Runner.RUNTest" name="runScenario" time="5.565"/>
  <testcase classname="Runner.RUNTest" name="runScenario" time="14.049"/>
  <testcase classname="Runner.RUNTest" name="runScenario" time="7.597"/>
  <testcase classname="Runner.RUNTest" name="runScenario" time="2.485">
    <failure message="expected [true] but found [false]" type="java.lang.AssertionError">
      <![CDATA[java.lang.AssertionError: expected [true] but found [false]
at org.testng.Assert.fail(Assert.java:111)
at org.testng.Assert.failNotEquals(Assert.java:1578)
at org.testng.Assert.assertTrue(Assert.java:57)
at org.testng.Assert.assertTrue(Assert.java:67)
at StepDefinations.Login.page_title_should_be(Login.java:51)
at ✽.page title should be "Dashboard / nopCommerce administration"(file:///C:/Users/abzalhussain/eclipse-workspace/Commerce/src/test/java/Features/Loginss.feature:18)
]]>
    </failure>
  </testcase> <!-- runScenario -->
  <testcase classname="Runner.RUNTest" name="runScenario" time="7.830"/>
</testsuite> <!-- Runner.RUNTest -->
